<?xml version="1.0" encoding="UTF-8"?>
<!-- Generated by org.testng.reporters.JUnitReportReporter -->
<testsuite skipped="1" hostname="DESKTOP-RLMV01S" name="Test.Suite1" tests="2" failures="0" timestamp="2021-02-11T20:06:44 EST" time="67.578" errors="0">
  <testcase name="login" time="67.578" classname="Test.Suite1"/>
  <system-out/>
  <testcase name="register" classname="Test.Suite1">
    <skipped/>
  </testcase> <!-- register -->
  <system-out/>
</testsuite> <!-- Test.Suite1 -->
